<?xml version="1.0" encoding="UTF-8"?>
<!-- Generated by org.testng.reporters.JUnitReportReporter -->
<testsuite skipped="0" hostname="DESKTOP-VNPRI8J" name="com.crm.qa.testcases.HomePageTest" tests="3" failures="0" timestamp="03 Feb 2019 04:40:56 GMT" time="65.540" errors="0">
  <testcase name="verifyhomepagetitletest" time="16.887" classname="com.crm.qa.testcases.HomePageTest"/>
  <testcase name="verifyusernametest" time="17.186" classname="com.crm.qa.testcases.HomePageTest"/>
  <testcase name="verifycontactslinktest1" time="31.467" classname="com.crm.qa.testcases.HomePageTest"/>
</testsuite> <!-- com.crm.qa.testcases.HomePageTest -->
